<?xml version="1.0" encoding="UTF-8"?>
<!-- Generated by org.testng.reporters.JUnitXMLReporter -->
<testsuite ignored="0" hostname="DESKTOP-0PB3AL3" failures="0" tests="5" name="Test" time="30.524" errors="0" timestamp="2023-03-21T13:26:57 IST">
  <testcase classname="tests.FourTest" name="testFour" time="0.015"/>
  <testcase classname="tests.TwoTest" name="testTwo" time="0.007"/>
  <testcase classname="tests.loginTest" name="login" time="7.108"/>
  <testcase classname="tests.loginTest" name="login" time="6.288"/>
  <testcase classname="tests.ThreeTest" name="testThree" time="0.002"/>
</testsuite> <!-- Test -->
