<?xml version="1.0" encoding="UTF-8"?>
<testng-results ignored="0" total="5" passed="5" failed="0" skipped="0">
  <reporter-output>
  </reporter-output>
  <suite started-at="2023-03-21T13:26:27 IST" name="Suite" finished-at="2023-03-21T13:26:57 IST" duration-ms="30524">
    <groups>
    </groups>
    <test started-at="2023-03-21T13:26:27 IST" name="Test" finished-at="2023-03-21T13:26:57 IST" duration-ms="30524">
      <class name="tests.FourTest">
        <test-method signature="testFour()[pri:0, instance:tests.FourTest@2a7f1f10]" started-at="2023-03-21T13:26:27 IST" name="testFour" finished-at="2023-03-21T13:26:27 IST" duration-ms="15" status="PASS">
          <reporter-output>
          </reporter-output>
        </test-method> <!-- testFour -->
      </class> <!-- tests.FourTest -->
      <class name="tests.loginTest">
        <test-method is-config="true" signature="openUp()[pri:0, instance:tests.loginTest@470734c3]" started-at="2023-03-21T13:26:27 IST" name="openUp" finished-at="2023-03-21T13:26:37 IST" duration-ms="9827" status="PASS">
          <reporter-output>
          </reporter-output>
        </test-method> <!-- openUp -->
        <test-method signature="login(java.lang.String,java.lang.String,java.lang.String)[pri:0, instance:tests.loginTest@470734c3]" started-at="2023-03-21T13:26:37 IST" name="login" data-provider="getLoginData" finished-at="2023-03-21T13:26:44 IST" duration-ms="7108" status="PASS">
          <params>
            <param index="0">
              <value>
                <![CDATA[jesine@netiapps.com]]>
              </value>
            </param>
            <param index="1">
              <value>
                <![CDATA[123456]]>
              </value>
            </param>
            <param index="2">
              <value>
                <![CDATA[Success]]>
              </value>
            </param>
          </params>
          <reporter-output>
          </reporter-output>
        </test-method> <!-- login -->
        <test-method is-config="true" signature="tearDown()[pri:0, instance:tests.loginTest@470734c3]" started-at="2023-03-21T13:26:44 IST" name="tearDown" finished-at="2023-03-21T13:26:44 IST" duration-ms="202" status="PASS">
          <reporter-output>
          </reporter-output>
        </test-method> <!-- tearDown -->
        <test-method is-config="true" signature="openUp()[pri:0, instance:tests.loginTest@470734c3]" started-at="2023-03-21T13:26:44 IST" name="openUp" finished-at="2023-03-21T13:26:51 IST" duration-ms="6800" status="PASS">
          <reporter-output>
          </reporter-output>
        </test-method> <!-- openUp -->
        <test-method signature="login(java.lang.String,java.lang.String,java.lang.String)[pri:0, instance:tests.loginTest@470734c3]" started-at="2023-03-21T13:26:51 IST" name="login" data-provider="getLoginData" finished-at="2023-03-21T13:26:57 IST" duration-ms="6288" status="PASS">
          <params>
            <param index="0">
              <value>
                <![CDATA[dummy@gmail.com]]>
              </value>
            </param>
            <param index="1">
              <value>
                <![CDATA[123456]]>
              </value>
            </param>
            <param index="2">
              <value>
                <![CDATA[Failure]]>
              </value>
            </param>
          </params>
          <reporter-output>
          </reporter-output>
        </test-method> <!-- login -->
        <test-method is-config="true" signature="tearDown()[pri:0, instance:tests.loginTest@470734c3]" started-at="2023-03-21T13:26:57 IST" name="tearDown" finished-at="2023-03-21T13:26:57 IST" duration-ms="154" status="PASS">
          <reporter-output>
          </reporter-output>
        </test-method> <!-- tearDown -->
      </class> <!-- tests.loginTest -->
      <class name="tests.ThreeTest">
        <test-method signature="testThree()[pri:0, instance:tests.ThreeTest@742ff096]" started-at="2023-03-21T13:26:57 IST" name="testThree" finished-at="2023-03-21T13:26:57 IST" duration-ms="2" status="PASS">
          <reporter-output>
          </reporter-output>
        </test-method> <!-- testThree -->
      </class> <!-- tests.ThreeTest -->
      <class name="tests.TwoTest">
        <test-method signature="testTwo()[pri:0, instance:tests.TwoTest@15bb5034]" started-at="2023-03-21T13:26:27 IST" name="testTwo" finished-at="2023-03-21T13:26:27 IST" duration-ms="7" status="PASS">
          <reporter-output>
          </reporter-output>
        </test-method> <!-- testTwo -->
      </class> <!-- tests.TwoTest -->
    </test> <!-- Test -->
  </suite> <!-- Suite -->
</testng-results>
